This file contains any messages produced by compilers while
running configure, to aid debugging if configure makes a mistake.

It was created by sdpa configure 7.3.16, which was
generated by GNU Autoconf 2.71.  Invocation command line was

  $ ./configure --with-blas=-lrefblas --with-lapack=-llapack

## --------- ##
## Platform. ##
## --------- ##

hostname = phy-grads-23.internal.phy.duke.edu
uname -m = x86_64
uname -r = 6.6.8-200.fc39.x86_64
uname -s = Linux
uname -v = #1 SMP PREEMPT_DYNAMIC Thu Dec 21 04:01:49 UTC 2023

/usr/bin/uname -p = unknown
/bin/uname -X     = unknown

/bin/arch              = x86_64
/usr/bin/arch -k       = unknown
/usr/convex/getsysinfo = unknown
/usr/bin/hostinfo      = unknown
/bin/machine           = unknown
/usr/bin/oslevel       = unknown
/bin/universe          = unknown

PATH: /home/js1106/anaconda3/bin/
PATH: /home/js1106/anaconda3/condabin/
PATH: /home/js1106/.local/bin/
PATH: /home/js1106/bin/
PATH: /usr/local/bin/
PATH: /usr/local/sbin/
PATH: /usr/bin/
PATH: /usr/sbin/
PATH: /var/lib/snapd/snap/bin/


## ----------- ##
## Core tests. ##
## ----------- ##

configure:2562: looking for aux files: config.guess config.sub compile missing install-sh
configure:2575:  trying ./
configure:2604:   ./config.guess found
configure:2604:   ./config.sub found
configure:2604:   ./compile found
configure:2604:   ./missing found
configure:2586:   ./install-sh found
configure:2733: checking for a BSD-compatible install
configure:2806: result: /usr/bin/install -c
configure:2817: checking whether build environment is sane
configure:2872: result: yes
configure:3031: checking for a race-free mkdir -p
configure:3075: result: /usr/bin/mkdir -p
configure:3082: checking for gawk
configure:3103: found /usr/bin/gawk
configure:3114: result: gawk
configure:3125: checking whether make sets $(MAKE)
configure:3148: result: yes
configure:3178: checking whether make supports nested variables
configure:3196: result: yes
configure:3380: checking for ranlib
configure:3401: found /usr/bin/ranlib
configure:3412: result: ranlib
configure:3496: checking for gcc
configure:3517: found /usr/bin/gcc
configure:3528: result: gcc
configure:3881: checking for C compiler version
configure:3890: gcc --version >&5
gcc (GCC) 13.2.1 20231205 (Red Hat 13.2.1-6)
Copyright (C) 2023 Free Software Foundation, Inc.
This is free software; see the source for copying conditions.  There is NO
warranty; not even for MERCHANTABILITY or FITNESS FOR A PARTICULAR PURPOSE.

configure:3901: $? = 0
configure:3890: gcc -v >&5
Using built-in specs.
COLLECT_GCC=gcc
COLLECT_LTO_WRAPPER=/usr/libexec/gcc/x86_64-redhat-linux/13/lto-wrapper
OFFLOAD_TARGET_NAMES=nvptx-none
OFFLOAD_TARGET_DEFAULT=1
Target: x86_64-redhat-linux
Configured with: ../configure --enable-bootstrap --enable-languages=c,c++,fortran,objc,obj-c++,ada,go,d,m2,lto --prefix=/usr --mandir=/usr/share/man --infodir=/usr/share/info --with-bugurl=http://bugzilla.redhat.com/bugzilla --enable-shared --enable-threads=posix --enable-checking=release --enable-multilib --with-system-zlib --enable-__cxa_atexit --disable-libunwind-exceptions --enable-gnu-unique-object --enable-linker-build-id --with-gcc-major-version-only --enable-libstdcxx-backtrace --with-libstdcxx-zoneinfo=/usr/share/zoneinfo --with-linker-hash-style=gnu --enable-plugin --enable-initfini-array --with-isl=/builddir/build/BUILD/gcc-13.2.1-20231205/obj-x86_64-redhat-linux/isl-install --enable-offload-targets=nvptx-none --without-cuda-driver --enable-offload-defaulted --enable-gnu-indirect-function --enable-cet --with-tune=generic --with-arch_32=i686 --build=x86_64-redhat-linux --with-build-config=bootstrap-lto --enable-link-serialization=1
Thread model: posix
Supported LTO compression algorithms: zlib zstd
gcc version 13.2.1 20231205 (Red Hat 13.2.1-6) (GCC) 
... rest of stderr output deleted ...
configure:3901: $? = 0
configure:3890: gcc -V >&5
gcc: error: unrecognized command-line option '-V'
gcc: fatal error: no input files
compilation terminated.
configure:3901: $? = 1
configure:3890: gcc -qversion >&5
gcc: error: unrecognized command-line option '-qversion'; did you mean '--version'?
gcc: fatal error: no input files
compilation terminated.
configure:3901: $? = 1
configure:3890: gcc -version >&5
gcc: error: unrecognized command-line option '-version'
gcc: fatal error: no input files
compilation terminated.
configure:3901: $? = 1
configure:3921: checking whether the C compiler works
configure:3943: gcc    conftest.c  >&5
configure:3947: $? = 0
configure:3997: result: yes
configure:4000: checking for C compiler default output file name
configure:4002: result: a.out
configure:4008: checking for suffix of executables
configure:4015: gcc -o conftest    conftest.c  >&5
configure:4019: $? = 0
configure:4042: result: 
configure:4064: checking whether we are cross compiling
configure:4072: gcc -o conftest    conftest.c  >&5
configure:4076: $? = 0
configure:4083: ./conftest
configure:4087: $? = 0
configure:4102: result: no
configure:4107: checking for suffix of object files
configure:4130: gcc -c   conftest.c >&5
configure:4134: $? = 0
configure:4156: result: o
configure:4160: checking whether the compiler supports GNU C
configure:4180: gcc -c   conftest.c >&5
configure:4180: $? = 0
configure:4190: result: yes
configure:4201: checking whether gcc accepts -g
configure:4222: gcc -c -g  conftest.c >&5
configure:4222: $? = 0
configure:4266: result: yes
configure:4286: checking for gcc option to enable C11 features
configure:4301: gcc  -c -g -O2  conftest.c >&5
configure:4301: $? = 0
configure:4319: result: none needed
configure:4435: checking whether gcc understands -c and -o together
configure:4458: gcc -c conftest.c -o conftest2.o
configure:4461: $? = 0
configure:4458: gcc -c conftest.c -o conftest2.o
configure:4461: $? = 0
configure:4473: result: yes
configure:4493: checking whether make supports the include directive
configure:4508: make -f confmf.GNU && cat confinc.out
this is the am__doit target
configure:4511: $? = 0
configure:4530: result: yes (GNU style)
configure:4556: checking dependency style of gcc
configure:4668: result: gcc3
configure:4752: checking for g++
configure:4773: found /usr/bin/g++
configure:4784: result: g++
configure:4811: checking for C++ compiler version
configure:4820: g++ --version >&5
g++ (GCC) 13.2.1 20231205 (Red Hat 13.2.1-6)
Copyright (C) 2023 Free Software Foundation, Inc.
This is free software; see the source for copying conditions.  There is NO
warranty; not even for MERCHANTABILITY or FITNESS FOR A PARTICULAR PURPOSE.

configure:4831: $? = 0
configure:4820: g++ -v >&5
Using built-in specs.
COLLECT_GCC=g++
COLLECT_LTO_WRAPPER=/usr/libexec/gcc/x86_64-redhat-linux/13/lto-wrapper
OFFLOAD_TARGET_NAMES=nvptx-none
OFFLOAD_TARGET_DEFAULT=1
Target: x86_64-redhat-linux
Configured with: ../configure --enable-bootstrap --enable-languages=c,c++,fortran,objc,obj-c++,ada,go,d,m2,lto --prefix=/usr --mandir=/usr/share/man --infodir=/usr/share/info --with-bugurl=http://bugzilla.redhat.com/bugzilla --enable-shared --enable-threads=posix --enable-checking=release --enable-multilib --with-system-zlib --enable-__cxa_atexit --disable-libunwind-exceptions --enable-gnu-unique-object --enable-linker-build-id --with-gcc-major-version-only --enable-libstdcxx-backtrace --with-libstdcxx-zoneinfo=/usr/share/zoneinfo --with-linker-hash-style=gnu --enable-plugin --enable-initfini-array --with-isl=/builddir/build/BUILD/gcc-13.2.1-20231205/obj-x86_64-redhat-linux/isl-install --enable-offload-targets=nvptx-none --without-cuda-driver --enable-offload-defaulted --enable-gnu-indirect-function --enable-cet --with-tune=generic --with-arch_32=i686 --build=x86_64-redhat-linux --with-build-config=bootstrap-lto --enable-link-serialization=1
Thread model: posix
Supported LTO compression algorithms: zlib zstd
gcc version 13.2.1 20231205 (Red Hat 13.2.1-6) (GCC) 
... rest of stderr output deleted ...
configure:4831: $? = 0
configure:4820: g++ -V >&5
g++: error: unrecognized command-line option '-V'
g++: fatal error: no input files
compilation terminated.
configure:4831: $? = 1
configure:4820: g++ -qversion >&5
g++: error: unrecognized command-line option '-qversion'; did you mean '--version'?
g++: fatal error: no input files
compilation terminated.
configure:4831: $? = 1
configure:4835: checking whether the compiler supports GNU C++
configure:4855: g++ -c   conftest.cpp >&5
configure:4855: $? = 0
configure:4865: result: yes
configure:4876: checking whether g++ accepts -g
configure:4897: g++ -c -g  conftest.cpp >&5
configure:4897: $? = 0
configure:4941: result: yes
configure:4961: checking for g++ option to enable C++11 features
configure:4976: g++  -c -g -O2  conftest.cpp >&5
conftest.cpp: In function 'int main(int, char**)':
conftest.cpp:177:25: warning: empty parentheses were disambiguated as a function declaration [-Wvexing-parse]
  177 |   cxx11test::delegate d2();
      |                         ^~
conftest.cpp:177:25: note: remove parentheses to default-initialize a variable
  177 |   cxx11test::delegate d2();
      |                         ^~
      |                         --
conftest.cpp:177:25: note: or replace parentheses with braces to value-initialize a variable
configure:4976: $? = 0
configure:4994: result: none needed
configure:5060: checking dependency style of g++
configure:5172: result: gcc3
configure:5245: checking for gfortran
configure:5266: found /usr/bin/gfortran
configure:5277: result: gfortran
configure:5303: checking for Fortran compiler version
configure:5312: gfortran --version >&5
GNU Fortran (GCC) 13.2.1 20231205 (Red Hat 13.2.1-6)
Copyright (C) 2023 Free Software Foundation, Inc.
This is free software; see the source for copying conditions.  There is NO
warranty; not even for MERCHANTABILITY or FITNESS FOR A PARTICULAR PURPOSE.

configure:5323: $? = 0
configure:5312: gfortran -v >&5
Using built-in specs.
COLLECT_GCC=gfortran
COLLECT_LTO_WRAPPER=/usr/libexec/gcc/x86_64-redhat-linux/13/lto-wrapper
OFFLOAD_TARGET_NAMES=nvptx-none
OFFLOAD_TARGET_DEFAULT=1
Target: x86_64-redhat-linux
Configured with: ../configure --enable-bootstrap --enable-languages=c,c++,fortran,objc,obj-c++,ada,go,d,m2,lto --prefix=/usr --mandir=/usr/share/man --infodir=/usr/share/info --with-bugurl=http://bugzilla.redhat.com/bugzilla --enable-shared --enable-threads=posix --enable-checking=release --enable-multilib --with-system-zlib --enable-__cxa_atexit --disable-libunwind-exceptions --enable-gnu-unique-object --enable-linker-build-id --with-gcc-major-version-only --enable-libstdcxx-backtrace --with-libstdcxx-zoneinfo=/usr/share/zoneinfo --with-linker-hash-style=gnu --enable-plugin --enable-initfini-array --with-isl=/builddir/build/BUILD/gcc-13.2.1-20231205/obj-x86_64-redhat-linux/isl-install --enable-offload-targets=nvptx-none --without-cuda-driver --enable-offload-defaulted --enable-gnu-indirect-function --enable-cet --with-tune=generic --with-arch_32=i686 --build=x86_64-redhat-linux --with-build-config=bootstrap-lto --enable-link-serialization=1
Thread model: posix
Supported LTO compression algorithms: zlib zstd
gcc version 13.2.1 20231205 (Red Hat 13.2.1-6) (GCC) 
... rest of stderr output deleted ...
configure:5323: $? = 0
configure:5312: gfortran -V >&5
gfortran: error: unrecognized command-line option '-V'
gfortran: fatal error: no input files
compilation terminated.
configure:5323: $? = 1
configure:5312: gfortran -qversion >&5
gfortran: error: unrecognized command-line option '-qversion'; did you mean '--version'?
gfortran: fatal error: no input files
compilation terminated.
configure:5323: $? = 1
configure:5332: checking whether the compiler supports GNU Fortran
configure:5346: gfortran -c   conftest.F >&5
configure:5346: $? = 0
configure:5356: result: yes
configure:5364: checking whether gfortran accepts -g
configure:5376: gfortran -c -g  conftest.f >&5
configure:5376: $? = 0
configure:5385: result: yes
configure:5420: checking build system type
configure:5435: result: x86_64-pc-linux-gnu
configure:5455: checking host system type
configure:5469: result: x86_64-pc-linux-gnu
configure:5494: checking how to get verbose linking output from gfortran
configure:5505: gfortran -c -g -O2  conftest.f >&5
configure:5505: $? = 0
configure:5524: gfortran -o conftest -g -O2 -v conftest.f
Using built-in specs.
Target: x86_64-redhat-linux
Thread model: posix
Supported LTO compression algorithms: zlib zstd
gcc version 13.2.1 20231205 (Red Hat 13.2.1-6) (GCC) 
 /usr/libexec/gcc/x86_64-redhat-linux/13/f951 conftest.f -ffixed-form -quiet -dumpbase conftest.f -dumpbase-ext .f -mtune=generic -march=x86-64 -g -O2 -version -fintrinsic-modules-path /usr/lib/gcc/x86_64-redhat-linux/13/finclude -fpre-include=/usr/include/finclude/math-vector-fortran.h -o /tmp/ccfVUEXs.s
GNU Fortran (GCC) version 13.2.1 20231205 (Red Hat 13.2.1-6) (x86_64-redhat-linux)
	compiled by GNU C version 13.2.1 20231205 (Red Hat 13.2.1-6), GMP version 6.2.1, MPFR version 4.2.0-p12, MPC version 1.3.1, isl version isl-0.24-GMP

GGC heuristics: --param ggc-min-expand=100 --param ggc-min-heapsize=131072
 as -v --gdwarf-5 --64 -o /tmp/cc8lcR5T.o /tmp/ccfVUEXs.s
GNU assembler version 2.40 (x86_64-redhat-linux) using BFD version version 2.40-13.fc39
Reading specs from /usr/lib/gcc/x86_64-redhat-linux/13/libgfortran.spec
rename spec lib to liborig
 /usr/libexec/gcc/x86_64-redhat-linux/13/collect2 -plugin /usr/libexec/gcc/x86_64-redhat-linux/13/liblto_plugin.so -plugin-opt=/usr/libexec/gcc/x86_64-redhat-linux/13/lto-wrapper -plugin-opt=-fresolution=/tmp/ccQvIRv8.res -plugin-opt=-pass-through=-lgcc_s -plugin-opt=-pass-through=-lgcc -plugin-opt=-pass-through=-lquadmath -plugin-opt=-pass-through=-lm -plugin-opt=-pass-through=-lgcc_s -plugin-opt=-pass-through=-lgcc -plugin-opt=-pass-through=-lc -plugin-opt=-pass-through=-lgcc_s -plugin-opt=-pass-through=-lgcc --build-id --no-add-needed --eh-frame-hdr --hash-style=gnu -m elf_x86_64 -dynamic-linker /lib64/ld-linux-x86-64.so.2 -o conftest /usr/lib/gcc/x86_64-redhat-linux/13/../../../../lib64/crt1.o /usr/lib/gcc/x86_64-redhat-linux/13/../../../../lib64/crti.o /usr/lib/gcc/x86_64-redhat-linux/13/crtbegin.o -L/usr/lib/gcc/x86_64-redhat-linux/13 -L/usr/lib/gcc/x86_64-redhat-linux/13/../../../../lib64 -L/lib/../lib64 -L/usr/lib/../lib64 -L/usr/lib/gcc/x86_64-redhat-linux/13/../../.. /tmp/cc8lcR5T.o -lgfortran -lm -lgcc_s -lgcc --as-needed -lquadmath --no-as-needed -lm -lgcc_s -lgcc -lc -lgcc_s -lgcc /usr/lib/gcc/x86_64-redhat-linux/13/crtend.o /usr/lib/gcc/x86_64-redhat-linux/13/../../../../lib64/crtn.o
configure:5607: result: -v
configure:5609: checking for Fortran libraries of gfortran
configure:5633: gfortran -o conftest -g -O2 -v conftest.f
Using built-in specs.
Target: x86_64-redhat-linux
Thread model: posix
Supported LTO compression algorithms: zlib zstd
gcc version 13.2.1 20231205 (Red Hat 13.2.1-6) (GCC) 
 /usr/libexec/gcc/x86_64-redhat-linux/13/f951 conftest.f -ffixed-form -quiet -dumpbase conftest.f -dumpbase-ext .f -mtune=generic -march=x86-64 -g -O2 -version -fintrinsic-modules-path /usr/lib/gcc/x86_64-redhat-linux/13/finclude -fpre-include=/usr/include/finclude/math-vector-fortran.h -o /tmp/ccBtameS.s
GNU Fortran (GCC) version 13.2.1 20231205 (Red Hat 13.2.1-6) (x86_64-redhat-linux)
	compiled by GNU C version 13.2.1 20231205 (Red Hat 13.2.1-6), GMP version 6.2.1, MPFR version 4.2.0-p12, MPC version 1.3.1, isl version isl-0.24-GMP

GGC heuristics: --param ggc-min-expand=100 --param ggc-min-heapsize=131072
 as -v --gdwarf-5 --64 -o /tmp/ccFA3Xwa.o /tmp/ccBtameS.s
GNU assembler version 2.40 (x86_64-redhat-linux) using BFD version version 2.40-13.fc39
Reading specs from /usr/lib/gcc/x86_64-redhat-linux/13/libgfortran.spec
rename spec lib to liborig
 /usr/libexec/gcc/x86_64-redhat-linux/13/collect2 -plugin /usr/libexec/gcc/x86_64-redhat-linux/13/liblto_plugin.so -plugin-opt=/usr/libexec/gcc/x86_64-redhat-linux/13/lto-wrapper -plugin-opt=-fresolution=/tmp/cc12V2DL.res -plugin-opt=-pass-through=-lgcc_s -plugin-opt=-pass-through=-lgcc -plugin-opt=-pass-through=-lquadmath -plugin-opt=-pass-through=-lm -plugin-opt=-pass-through=-lgcc_s -plugin-opt=-pass-through=-lgcc -plugin-opt=-pass-through=-lc -plugin-opt=-pass-through=-lgcc_s -plugin-opt=-pass-through=-lgcc --build-id --no-add-needed --eh-frame-hdr --hash-style=gnu -m elf_x86_64 -dynamic-linker /lib64/ld-linux-x86-64.so.2 -o conftest /usr/lib/gcc/x86_64-redhat-linux/13/../../../../lib64/crt1.o /usr/lib/gcc/x86_64-redhat-linux/13/../../../../lib64/crti.o /usr/lib/gcc/x86_64-redhat-linux/13/crtbegin.o -L/usr/lib/gcc/x86_64-redhat-linux/13 -L/usr/lib/gcc/x86_64-redhat-linux/13/../../../../lib64 -L/lib/../lib64 -L/usr/lib/../lib64 -L/usr/lib/gcc/x86_64-redhat-linux/13/../../.. /tmp/ccFA3Xwa.o -lgfortran -lm -lgcc_s -lgcc --as-needed -lquadmath --no-as-needed -lm -lgcc_s -lgcc -lc -lgcc_s -lgcc /usr/lib/gcc/x86_64-redhat-linux/13/crtend.o /usr/lib/gcc/x86_64-redhat-linux/13/../../../../lib64/crtn.o
configure:5849: result:  -L/usr/lib/gcc/x86_64-redhat-linux/13 -L/usr/lib/gcc/x86_64-redhat-linux/13/../../../../lib64 -L/lib/../lib64 -L/usr/lib/../lib64 -L/usr/lib/gcc/x86_64-redhat-linux/13/../../.. -lgfortran -lm -lquadmath
configure:5866: checking for dummy main to link with Fortran libraries
configure:5901: gcc -o conftest -g -O2   conftest.c   -L/usr/lib/gcc/x86_64-redhat-linux/13 -L/usr/lib/gcc/x86_64-redhat-linux/13/../../../../lib64 -L/lib/../lib64 -L/usr/lib/../lib64 -L/usr/lib/gcc/x86_64-redhat-linux/13/../../.. -lgfortran -lm -lquadmath >&5
configure:5901: $? = 0
configure:5948: result: none
configure:5980: checking for Fortran name-mangling scheme
configure:5994: gfortran -c -g -O2  conftest.f >&5
configure:5994: $? = 0
configure:6033: gcc -o conftest -g -O2   conftest.c cfortran_test.o   -L/usr/lib/gcc/x86_64-redhat-linux/13 -L/usr/lib/gcc/x86_64-redhat-linux/13/../../../../lib64 -L/lib/../lib64 -L/usr/lib/../lib64 -L/usr/lib/gcc/x86_64-redhat-linux/13/../../.. -lgfortran -lm -lquadmath >&5
/usr/bin/ld: /tmp/ccck7Xs9.o: in function `main':
/home/js1106/Downloads/Packages/sdpa/sdpa-7.3.17/conftest.c:27: undefined reference to `foobar'
collect2: error: ld returned 1 exit status
configure:6033: $? = 1
configure: failed program was:
| /* confdefs.h */
| #define PACKAGE_NAME "sdpa"
| #define PACKAGE_TARNAME "sdpa"
| #define PACKAGE_VERSION "7.3.16"
| #define PACKAGE_STRING "sdpa 7.3.16"
| #define PACKAGE_BUGREPORT ""
| #define PACKAGE_URL ""
| #define PACKAGE "sdpa"
| #define VERSION "7.3.16"
| /* end confdefs.h.  */
| 
| /* Override any GCC internal prototype to avoid an error.
|    Use char because int might match the return type of a GCC
|    builtin and then its argument prototype would still apply.  */
| char foobar ();
| #ifdef FC_DUMMY_MAIN
| #ifndef FC_DUMMY_MAIN_EQ_F77
| #  ifdef __cplusplus
|      extern "C"
| #  endif
|    int FC_DUMMY_MAIN() { return 1; }
| #endif
| #endif
| int
| main (void)
| {
| return foobar ();
|   ;
|   return 0;
| }
configure:6033: gcc -o conftest -g -O2   conftest.c cfortran_test.o   -L/usr/lib/gcc/x86_64-redhat-linux/13 -L/usr/lib/gcc/x86_64-redhat-linux/13/../../../../lib64 -L/lib/../lib64 -L/usr/lib/../lib64 -L/usr/lib/gcc/x86_64-redhat-linux/13/../../.. -lgfortran -lm -lquadmath >&5
configure:6033: $? = 0
configure:6089: gcc -o conftest -g -O2   conftest.c cfortran_test.o   -L/usr/lib/gcc/x86_64-redhat-linux/13 -L/usr/lib/gcc/x86_64-redhat-linux/13/../../../../lib64 -L/lib/../lib64 -L/usr/lib/../lib64 -L/usr/lib/gcc/x86_64-redhat-linux/13/../../.. -lgfortran -lm -lquadmath >&5
configure:6089: $? = 0
configure:6132: result: lower case, underscore, no extra underscore
configure:6284: checking for pthread_create
configure:6284: gcc -o conftest -g -O2 -Wall -fPIC -funroll-all-loops   conftest.c  -lpthread >&5
configure:6284: $? = 0
configure:6284: result: yes
configure:6331: checking for dgemm_
configure:6331: gcc -o conftest -g -O2 -Wall -fPIC -funroll-all-loops   conftest.c  -lrefblas  -L/usr/lib/gcc/x86_64-redhat-linux/13 -L/usr/lib/gcc/x86_64-redhat-linux/13/../../../../lib64 -L/lib/../lib64 -L/usr/lib/../lib64 -L/usr/lib/gcc/x86_64-redhat-linux/13/../../.. -lgfortran -lm -lquadmath -lpthread >&5
configure:6331: $? = 0
configure:6331: result: yes
configure:6380: checking for dsyev_
configure:6380: gcc -o conftest -g -O2 -Wall -fPIC -funroll-all-loops   conftest.c  -llapack -lrefblas  -L/usr/lib/gcc/x86_64-redhat-linux/13 -L/usr/lib/gcc/x86_64-redhat-linux/13/../../../../lib64 -L/lib/../lib64 -L/usr/lib/../lib64 -L/usr/lib/gcc/x86_64-redhat-linux/13/../../.. -lgfortran -lm -lquadmath -lpthread >&5
configure:6380: $? = 0
configure:6380: result: yes
configure:6429: checking for dmumps_
configure:6429: gcc -o conftest -g -O2 -Wall -fPIC -funroll-all-loops   conftest.c  /usr/lib/libdmumps_seq.a /usr/lib/libmumps_common_seq.a /usr/lib/libmpiseq_seq.a /usr/lib/libpord_seq.a -llapack -lrefblas  -L/usr/lib/gcc/x86_64-redhat-linux/13 -L/usr/lib/gcc/x86_64-redhat-linux/13/../../../../lib64 -L/lib/../lib64 -L/usr/lib/../lib64 -L/usr/lib/gcc/x86_64-redhat-linux/13/../../.. -lgfortran -lm -lquadmath -lpthread >&5
/usr/bin/ld: cannot find /usr/lib/libdmumps_seq.a: No such file or directory
/usr/bin/ld: cannot find /usr/lib/libmumps_common_seq.a: No such file or directory
/usr/bin/ld: cannot find /usr/lib/libmpiseq_seq.a: No such file or directory
/usr/bin/ld: cannot find /usr/lib/libpord_seq.a: No such file or directory
collect2: error: ld returned 1 exit status
configure:6429: $? = 1
configure: failed program was:
| /* confdefs.h */
| #define PACKAGE_NAME "sdpa"
| #define PACKAGE_TARNAME "sdpa"
| #define PACKAGE_VERSION "7.3.16"
| #define PACKAGE_STRING "sdpa 7.3.16"
| #define PACKAGE_BUGREPORT ""
| #define PACKAGE_URL ""
| #define PACKAGE "sdpa"
| #define VERSION "7.3.16"
| #define FC_FUNC(name,NAME) name ## _
| #define FC_FUNC_(name,NAME) name ## _
| /* end confdefs.h.  */
| /* Define dmumps_ to an innocuous variant, in case <limits.h> declares dmumps_.
|    For example, HP-UX 11i <limits.h> declares gettimeofday.  */
| #define dmumps_ innocuous_dmumps_
| 
| /* System header to define __stub macros and hopefully few prototypes,
|    which can conflict with char dmumps_ (); below.  */
| 
| #include <limits.h>
| #undef dmumps_
| 
| /* Override any GCC internal prototype to avoid an error.
|    Use char because int might match the return type of a GCC
|    builtin and then its argument prototype would still apply.  */
| #ifdef __cplusplus
| extern "C"
| #endif
| char dmumps_ ();
| /* The GNU C library defines this for functions which it implements
|     to always fail with ENOSYS.  Some functions are actually named
|     something starting with __ and the normal name is an alias.  */
| #if defined __stub_dmumps_ || defined __stub___dmumps_
| choke me
| #endif
| 
| #ifdef FC_DUMMY_MAIN
| #ifndef FC_DUMMY_MAIN_EQ_F77
| #  ifdef __cplusplus
|      extern "C"
| #  endif
|    int FC_DUMMY_MAIN() { return 1; }
| #endif
| #endif
| int
| main (void)
| {
| return dmumps_ ();
|   ;
|   return 0;
| }
configure:6429: result: no
configure:6598: checking that generated files are newer than configure
configure:6604: result: done
configure:6635: creating ./config.status

## ---------------------- ##
## Running config.status. ##
## ---------------------- ##

This file was extended by sdpa config.status 7.3.16, which was
generated by GNU Autoconf 2.71.  Invocation command line was

  CONFIG_FILES    = 
  CONFIG_HEADERS  = 
  CONFIG_LINKS    = 
  CONFIG_COMMANDS = 
  $ ./config.status 

on phy-grads-23.internal.phy.duke.edu

config.status:799: creating Makefile
config.status:971: executing depfiles commands
config.status:1048: cd .       && sed -e '/# am--include-marker/d' Makefile         | make -f - am--depfiles
make: Nothing to be done for 'am--depfiles'.
config.status:1053: $? = 0

## ---------------- ##
## Cache variables. ##
## ---------------- ##

ac_cv_build=x86_64-pc-linux-gnu
ac_cv_c_compiler_gnu=yes
ac_cv_cxx_compiler_gnu=yes
ac_cv_env_CCC_set=
ac_cv_env_CCC_value=
ac_cv_env_CC_set=
ac_cv_env_CC_value=
ac_cv_env_CFLAGS_set=
ac_cv_env_CFLAGS_value=
ac_cv_env_CPPFLAGS_set=
ac_cv_env_CPPFLAGS_value=
ac_cv_env_CXXFLAGS_set=
ac_cv_env_CXXFLAGS_value=
ac_cv_env_CXX_set=
ac_cv_env_CXX_value=
ac_cv_env_FCFLAGS_set=
ac_cv_env_FCFLAGS_value=
ac_cv_env_FC_set=
ac_cv_env_FC_value=
ac_cv_env_LDFLAGS_set=
ac_cv_env_LDFLAGS_value=
ac_cv_env_LIBS_set=
ac_cv_env_LIBS_value=
ac_cv_env_build_alias_set=
ac_cv_env_build_alias_value=
ac_cv_env_host_alias_set=
ac_cv_env_host_alias_value=
ac_cv_env_target_alias_set=
ac_cv_env_target_alias_value=
ac_cv_fc_compiler_gnu=yes
ac_cv_fc_dummy_main=none
ac_cv_fc_libs=' -L/usr/lib/gcc/x86_64-redhat-linux/13 -L/usr/lib/gcc/x86_64-redhat-linux/13/../../../../lib64 -L/lib/../lib64 -L/usr/lib/../lib64 -L/usr/lib/gcc/x86_64-redhat-linux/13/../../.. -lgfortran -lm -lquadmath'
ac_cv_fc_mangling='lower case, underscore, no extra underscore'
ac_cv_fortran_dummy_main=none
ac_cv_func_dgemm_=yes
ac_cv_func_dmumps_=no
ac_cv_func_dsyev_=yes
ac_cv_func_pthread_create=yes
ac_cv_host=x86_64-pc-linux-gnu
ac_cv_objext=o
ac_cv_path_install='/usr/bin/install -c'
ac_cv_path_mkdir=/usr/bin/mkdir
ac_cv_prog_AWK=gawk
ac_cv_prog_ac_ct_CC=gcc
ac_cv_prog_ac_ct_CXX=g++
ac_cv_prog_ac_ct_FC=gfortran
ac_cv_prog_ac_ct_RANLIB=ranlib
ac_cv_prog_cc_c11=
ac_cv_prog_cc_g=yes
ac_cv_prog_cc_stdc=
ac_cv_prog_cxx_cxx11=
ac_cv_prog_cxx_g=yes
ac_cv_prog_cxx_stdcxx=
ac_cv_prog_fc_g=yes
ac_cv_prog_fc_v=-v
ac_cv_prog_make_make_set=yes
am_cv_CC_dependencies_compiler_type=gcc3
am_cv_CXX_dependencies_compiler_type=gcc3
am_cv_make_support_nested_variables=yes
am_cv_prog_cc_c_o=yes

## ----------------- ##
## Output variables. ##
## ----------------- ##

ACLOCAL='${SHELL} '\''/home/js1106/Downloads/Packages/sdpa/sdpa-7.3.17/missing'\'' aclocal-1.16'
AMDEPBACKSLASH='\'
AMDEP_FALSE='#'
AMDEP_TRUE=''
AMTAR='$${TAR-tar}'
AM_BACKSLASH='\'
AM_DEFAULT_V='$(AM_DEFAULT_VERBOSITY)'
AM_DEFAULT_VERBOSITY='1'
AM_V='$(V)'
AUTOCONF='${SHELL} '\''/home/js1106/Downloads/Packages/sdpa/sdpa-7.3.17/missing'\'' autoconf'
AUTOHEADER='${SHELL} '\''/home/js1106/Downloads/Packages/sdpa/sdpa-7.3.17/missing'\'' autoheader'
AUTOMAKE='${SHELL} '\''/home/js1106/Downloads/Packages/sdpa/sdpa-7.3.17/missing'\'' automake-1.16'
AWK='gawk'
BLAS_LIBS='-lrefblas'
CC='gcc'
CCDEPMODE='depmode=gcc3'
CFLAGS='-g -O2 -Wall -fPIC -funroll-all-loops'
CPPFLAGS=''
CSCOPE='cscope'
CTAGS='ctags'
CXX='g++'
CXXDEPMODE='depmode=gcc3'
CXXFLAGS='-g -O2 -D_REENTRANT -Wall -fPIC -funroll-all-loops'
CYGPATH_W='echo'
DEFS='-DPACKAGE_NAME=\"sdpa\" -DPACKAGE_TARNAME=\"sdpa\" -DPACKAGE_VERSION=\"7.3.16\" -DPACKAGE_STRING=\"sdpa\ 7.3.16\" -DPACKAGE_BUGREPORT=\"\" -DPACKAGE_URL=\"\" -DPACKAGE=\"sdpa\" -DVERSION=\"7.3.16\" -DFC_FUNC\(name,NAME\)=name\ \#\#\ _ -DFC_FUNC_\(name,NAME\)=name\ \#\#\ _'
DEPDIR='.deps'
ECHO_C=''
ECHO_N='-n'
ECHO_T=''
ETAGS='etags'
EXEEXT=''
FC='gfortran'
FCFLAGS='-g -O2 -Wall -fPIC -funroll-all-loops'
FCLIBS=' -L/usr/lib/gcc/x86_64-redhat-linux/13 -L/usr/lib/gcc/x86_64-redhat-linux/13/../../../../lib64 -L/lib/../lib64 -L/usr/lib/../lib64 -L/usr/lib/gcc/x86_64-redhat-linux/13/../../.. -lgfortran -lm -lquadmath'
HAVE_PACKAGE_MUMPS_FALSE=''
HAVE_PACKAGE_MUMPS_TRUE='#'
INSTALL_DATA='${INSTALL} -m 644'
INSTALL_PROGRAM='${INSTALL}'
INSTALL_SCRIPT='${INSTALL}'
INSTALL_STRIP_PROGRAM='$(install_sh) -c -s'
LAPACK_LIBS='-llapack'
LDFLAGS=''
LIBOBJS=''
LIBS=''
LTLIBOBJS=''
MAKEINFO='${SHELL} '\''/home/js1106/Downloads/Packages/sdpa/sdpa-7.3.17/missing'\'' makeinfo'
MKDIR_P='/usr/bin/mkdir -p'
MUMPS_DIR='/home/js1106/Downloads/Packages/sdpa/sdpa-7.3.17/mumps/build'
MUMPS_INCLUDE='-I/home/js1106/Downloads/Packages/sdpa/sdpa-7.3.17/mumps/build/include'
MUMPS_LIBS='-L/home/js1106/Downloads/Packages/sdpa/sdpa-7.3.17/mumps/build/lib -ldmumps -lmumps_common -lpord -L/home/js1106/Downloads/Packages/sdpa/sdpa-7.3.17/mumps/build/libseq -lmpiseq'
OBJEXT='o'
PACKAGE='sdpa'
PACKAGE_BUGREPORT=''
PACKAGE_NAME='sdpa'
PACKAGE_STRING='sdpa 7.3.16'
PACKAGE_TARNAME='sdpa'
PACKAGE_URL=''
PACKAGE_VERSION='7.3.16'
PATH_SEPARATOR=':'
PTHREAD_INCLUDE='-I/usr/include'
PTHREAD_LIBS='-lpthread'
RANLIB='ranlib'
SET_MAKE=''
SHELL='/bin/sh'
STRIP=''
VERSION='7.3.16'
ac_ct_CC='gcc'
ac_ct_CXX='g++'
ac_ct_FC='gfortran'
am__EXEEXT_FALSE=''
am__EXEEXT_TRUE='#'
am__fastdepCC_FALSE='#'
am__fastdepCC_TRUE=''
am__fastdepCXX_FALSE='#'
am__fastdepCXX_TRUE=''
am__include='include'
am__isrc=''
am__leading_dot='.'
am__nodep='_no'
am__quote=''
am__tar='$${TAR-tar} chof - "$$tardir"'
am__untar='$${TAR-tar} xf -'
bindir='${exec_prefix}/bin'
build='x86_64-pc-linux-gnu'
build_alias=''
build_cpu='x86_64'
build_os='linux-gnu'
build_vendor='pc'
datadir='${datarootdir}'
datarootdir='${prefix}/share'
docdir='${datarootdir}/doc/${PACKAGE_TARNAME}'
dvidir='${docdir}'
exec_prefix='${prefix}'
host='x86_64-pc-linux-gnu'
host_alias=''
host_cpu='x86_64'
host_os='linux-gnu'
host_vendor='pc'
htmldir='${docdir}'
includedir='${prefix}/include'
infodir='${datarootdir}/info'
install_sh='${SHELL} /home/js1106/Downloads/Packages/sdpa/sdpa-7.3.17/install-sh'
libdir='${exec_prefix}/lib'
libexecdir='${exec_prefix}/libexec'
localedir='${datarootdir}/locale'
localstatedir='${prefix}/var'
mandir='${datarootdir}/man'
mkdir_p='$(MKDIR_P)'
oldincludedir='/usr/include'
pdfdir='${docdir}'
prefix='/usr/local'
program_transform_name='s,x,x,'
psdir='${docdir}'
runstatedir='${localstatedir}/run'
sbindir='${exec_prefix}/sbin'
sharedstatedir='${prefix}/com'
sysconfdir='${prefix}/etc'
target_alias=''

## ----------- ##
## confdefs.h. ##
## ----------- ##

/* confdefs.h */
#define PACKAGE_NAME "sdpa"
#define PACKAGE_TARNAME "sdpa"
#define PACKAGE_VERSION "7.3.16"
#define PACKAGE_STRING "sdpa 7.3.16"
#define PACKAGE_BUGREPORT ""
#define PACKAGE_URL ""
#define PACKAGE "sdpa"
#define VERSION "7.3.16"
#define FC_FUNC(name,NAME) name ## _
#define FC_FUNC_(name,NAME) name ## _

configure: exit 0
